<?xml version="1.0" encoding="UTF-8"?>
<!-- Generated by org.testng.reporters.JUnitReportReporter -->
<testsuite skipped="0" hostname="Home" name="com.qa.opencart.tests.HomePageTest" tests="5" failures="0" timestamp="2024-09-10T12:03:11 AEST" time="1.246" errors="0">
  <testcase name="homePageURLTest" time="0.001" classname="com.qa.opencart.tests.HomePageTest"/>
  <system-out/>
  <testcase name="searchTest" time="0.417" classname="com.qa.opencart.tests.HomePageTest"/>
  <system-out/>
  <testcase name="searchTest" time="0.368" classname="com.qa.opencart.tests.HomePageTest"/>
  <system-out/>
  <testcase name="searchTest" time="0.446" classname="com.qa.opencart.tests.HomePageTest"/>
  <system-out/>
  <testcase name="homePageTitleTest" time="0.014" classname="com.qa.opencart.tests.HomePageTest"/>
  <system-out/>
</testsuite> <!-- com.qa.opencart.tests.HomePageTest -->
