<?xml version="1.0" encoding="UTF-8"?>
<!-- Generated by org.testng.reporters.JUnitReportReporter -->
<testsuite skipped="0" hostname="Home" name="com.qa.opencart.tests.LoginTest" tests="3" failures="0" timestamp="2024-09-10T12:03:11 AEST" time="0.928" errors="0">
  <testcase name="loginPageNavigationTest" time="0.387" classname="com.qa.opencart.tests.LoginTest"/>
  <system-out/>
  <testcase name="forgotPwdLinkExistTest" time="0.015" classname="com.qa.opencart.tests.LoginTest"/>
  <system-out/>
  <testcase name="appLoginTest" time="0.526" classname="com.qa.opencart.tests.LoginTest"/>
  <system-out/>
</testsuite> <!-- com.qa.opencart.tests.LoginTest -->
